"D:/3D Objects/Unreal Projects/Section2_Project 4.22/Content/Asset/Material/Cabinette_Material.uasset" 0
"D:/3D Objects/Unreal Projects/Section2_Project 4.22/Content/Asset/Material/Foot_Material.uasset" 1
"D:/3D Objects/Unreal Projects/Section2_Project 4.22/Content/Asset/Material/ScreenMaterial.uasset" 2
"D:/3D Objects/Unreal Projects/Section2_Project 4.22/Content/Asset/Material/t/CMN/screw_mat_C.uasset" 3
"D:/3D Objects/Unreal Projects/Section2_Project 4.22/Content/Asset/Material/t/CMN/screw_mat_N.uasset" 4
"D:/3D Objects/Unreal Projects/Section2_Project 4.22/Content/Asset/Material/t/CMN/screw_mat_RMA.uasset" 5
"D:/3D Objects/Unreal Projects/Section2_Project 4.22/Content/Asset/Material/Screws.uasset" 6
"D:/3D Objects/Unreal Projects/Section2_Project 4.22/Content/Asset/Material/Tweeter_Material.uasset" 7
"D:/3D Objects/Unreal Projects/Section2_Project 4.22/Content/Asset/Material/t/CMN/Scrn_RMA.uasset" 8
"D:/3D Objects/Unreal Projects/Section2_Project 4.22/Content/Asset/Material/t/Wht/WhtCp_Cab_C.uasset" 9
"D:/3D Objects/Unreal Projects/Section2_Project 4.22/Content/Asset/Material/t/Wht/WhtCp_Cab_N.uasset" 10
"D:/3D Objects/Unreal Projects/Section2_Project 4.22/Content/Asset/Material/t/Wht/WhtCp_Cab_RMA.uasset" 11
"D:/3D Objects/Unreal Projects/Section2_Project 4.22/Content/Asset/Material/t/Wht/WhtCp_Ft_C.uasset" 12
"D:/3D Objects/Unreal Projects/Section2_Project 4.22/Content/Asset/Material/t/Wht/WhtCp_Ft_N.uasset" 13
"D:/3D Objects/Unreal Projects/Section2_Project 4.22/Content/Asset/Material/t/Wht/WhtCp_Ft_RMA.uasset" 14
"D:/3D Objects/Unreal Projects/Section2_Project 4.22/Content/Asset/Material/t/Wht/WhtCp_Twt_C.uasset" 15
"D:/3D Objects/Unreal Projects/Section2_Project 4.22/Content/Asset/Material/t/Wht/WhtCp_Twt_N.uasset" 16
"D:/3D Objects/Unreal Projects/Section2_Project 4.22/Content/Asset/Material/t/Wht/WhtCp_Twt_RMA.uasset" 17
"D:/3D Objects/Unreal Projects/Section2_Project 4.22/Content/Asset/Material/t/Wht/WhtCp_Wof_C.uasset" 18
"D:/3D Objects/Unreal Projects/Section2_Project 4.22/Content/Asset/Material/t/Wht/WhtCp_Wof_N.uasset" 19
"D:/3D Objects/Unreal Projects/Section2_Project 4.22/Content/Asset/Material/t/Wht/WhtCp_Wof_RMA.uasset" 20
"../../../Engine/Content/Animation/DefaultAnimCurveCompressionSettings.uasset" 21
"../../../Engine/Content/Functions/Engine_MaterialFunctions01/Opacity/CameraDepthFade.uasset" 22
"../../../Engine/Content/EngineMaterials/T_Default_Material_Grid_M.uasset" 23
"../../../Engine/Content/EngineMaterials/T_Default_Material_Grid_N.uasset" 24
"../../../Engine/Content/EngineMaterials/WorldGridMaterial.uasset" 25
"../../../Engine/Content/ArtTools/RenderToTexture/Meshes/S_1_Unit_Plane.uasset" 26
"../../../Engine/Content/EngineMaterials/DefaultMaterial.uasset" 27
"../../../Engine/Content/BasicShapes/Cone.uasset" 28
"../../../Engine/Content/BasicShapes/Cube.uasset" 29
"../../../Engine/Content/BasicShapes/Cylinder.uasset" 30
"../../../Engine/Content/BasicShapes/Plane.uasset" 31
"../../../Engine/Content/BasicShapes/Sphere.uasset" 32
"../../../Engine/Content/EditorLandscapeResources/DataLayer.uasset" 33
"../../../Engine/Content/EditorMaterials/GizmoMaterial.uasset" 34
"../../../Engine/Content/EditorMaterials/MAT_Groups_Toggle.uasset" 35
"../../../Engine/Content/EditorMaterials/MAT_Groups_Visibility.uasset" 36
"../../../Engine/Content/EditorMaterials/PreviewShadowIndicator.uasset" 37
"../../../Engine/Content/EditorMaterials/PreviewShadowIndicatorMaterial.uasset" 38
"../../../Engine/Content/EditorMaterials/MatineeGroups/MAT_ColorTrack.uasset" 39
"../../../Engine/Content/EditorMaterials/MatineeGroups/MAT_Groups_Anim.uasset" 40
"../../../Engine/Content/EditorMaterials/MatineeGroups/MAT_Groups_AudioMaster.uasset" 41
"../../../Engine/Content/EditorMaterials/MatineeGroups/MAT_Groups_Director.uasset" 42
"../../../Engine/Content/EditorMaterials/MatineeGroups/MAT_Groups_Event.uasset" 43
"../../../Engine/Content/EditorMaterials/MatineeGroups/MAT_Groups_Fade.uasset" 44
"../../../Engine/Content/EditorMaterials/MatineeGroups/MAT_Groups_Float.uasset" 45
"../../../Engine/Content/EditorMaterials/MatineeGroups/MAT_Groups_Move.uasset" 46
"../../../Engine/Content/EditorMaterials/MatineeGroups/MAT_Groups_Slomo.uasset" 47
"../../../Engine/Content/EditorMaterials/MatineeGroups/MAT_Groups_Sound.uasset" 48
"../../../Engine/Content/EditorMaterials/MatineeGroups/MAT_Groups_Vector.uasset" 49
"../../../Engine/Content/EditorMaterials/ParticleSystems/PSysThumbnail_NoImage.uasset" 50
"../../../Engine/Content/EditorMaterials/ParticleSystems/PSysThumbnail_OOD.uasset" 51
"../../../Engine/Content/EditorMaterials/Camera/CineMat.uasset" 52
"../../../Engine/Content/EditorMaterials/Camera/MI_CineMat_Rig.uasset" 53
"../../../Engine/Content/EditorMeshes/Camera/SM_CraneRig_Arm.uasset" 54
"../../../Engine/Content/EditorMeshes/Camera/SM_CraneRig_Base.uasset" 55
"../../../Engine/Content/EditorMeshes/Camera/SM_CraneRig_Body.uasset" 56
"../../../Engine/Content/EditorMeshes/Camera/SM_CraneRig_Mount.uasset" 57
"../../../Engine/Content/EditorMeshes/Camera/SM_RailRig_Mount.uasset" 58
"../../../Engine/Content/EditorMeshes/Camera/SM_RailRig_Track.uasset" 59
"../../../Engine/Content/EditorResources/BSPVertex.uasset" 60
"../../../Engine/Content/EditorResources/EmptyActor.uasset" 61
"../../../Engine/Content/EditorResources/S_Actor.uasset" 62
"../../../Engine/Content/EditorResources/S_Note.uasset" 63
"../../../Engine/Content/EditorResources/S_Trigger.uasset" 64
"../../../Engine/Content/EditorResources/AudioIcons/S_AudioComponent_AutoActivate.uasset" 65
"../../../Engine/Content/EditorResources/LightIcons/S_LightError.uasset" 66
"../../../Engine/Content/EditorResources/SequenceRecorder/Countdown.uasset" 67
"../../../Engine/Content/EditorResources/SequenceRecorder/RecordingIndicator.uasset" 68
"../../../Engine/Content/EditorSounds/Notifications/CompileFailed.uasset" 69
"../../../Engine/Content/EditorSounds/Notifications/CompileFailed_Cue.uasset" 70
"../../../Engine/Content/EditorSounds/Notifications/CompileSuccess.uasset" 71
"../../../Engine/Content/EditorSounds/Notifications/CompileStart_Cue.uasset" 72
"../../../Engine/Content/EditorSounds/Notifications/CompileSuccess_Cue.uasset" 73
"../../../Engine/Content/EngineDamageTypes/DmgTypeBP_Environmental.uasset" 74
"../../../Engine/Content/EngineDebugMaterials/HeatmapGradient.uasset" 75
"../../../Engine/Content/EngineDebugMaterials/BoneWeightMaterial.uasset" 76
"../../../Engine/Content/EngineDebugMaterials/ClothMaterial.uasset" 77
"../../../Engine/Content/EngineDebugMaterials/ClothMaterial_WF.uasset" 78
"../../../Engine/Content/EngineDebugMaterials/DebugEditorMaterial.uasset" 79
"../../../Engine/Content/EngineDebugMaterials/DebugMeshMaterial.uasset" 80
"../../../Engine/Content/EngineDebugMaterials/GeomMaterial.uasset" 81
"../../../Engine/Content/EngineDebugMaterials/M_SimpleTranslucent.uasset" 82
"../../../Engine/Content/EngineFonts/Faces/RobotoBold.uasset" 83
"../../../Engine/Content/EngineFonts/Faces/RobotoBoldItalic.uasset" 84
"../../../Engine/Content/EngineFonts/Faces/RobotoItalic.uasset" 85
"../../../Engine/Content/EngineFonts/Faces/RobotoLight.uasset" 86
"../../../Engine/Content/EngineFonts/Faces/RobotoRegular.uasset" 87
"../../../Engine/Content/EngineFonts/Roboto.uasset" 88
"../../../Engine/Content/EngineFonts/Faces/RobotoTiny.uasset" 89
"../../../Engine/Content/EngineFonts/RobotoTiny.uasset" 90
"../../../Engine/Content/EngineMaterials/BaseFlattenDiffuseMap.uasset" 91
"../../../Engine/Content/EngineMaterials/BaseFlattenEmissiveMap.uasset" 92
"../../../Engine/Content/EngineMaterials/BaseFlattenGrayscaleMap.uasset" 93
"../../../Engine/Content/EngineMaterials/BaseFlattenNormalMap.uasset" 94
"../../../Engine/Content/EngineMaterials/BaseFlattenMaterial.uasset" 95
"../../../Engine/Content/EngineMaterials/DefaultBloomKernel.uasset" 96
"../../../Engine/Content/EngineMaterials/DefaultBokeh.uasset" 97
"../../../Engine/Content/EngineMaterials/DefaultDiffuse.uasset" 98
"../../../Engine/Content/EngineMaterials/DefaultDeferredDecalMaterial.uasset" 99
"../../../Engine/Content/EngineMaterials/DefaultLightFunctionMaterial.uasset" 100
"../../../Engine/Content/EngineMaterials/DefaultPhysicalMaterial.uasset" 101
"../../../Engine/Content/Functions/Engine_MaterialFunctions02/Utility/BreakOutFloat2Components.uasset" 102
"../../../Engine/Content/EngineMaterials/DefaultPostProcessMaterial.uasset" 103
"../../../Engine/Content/EngineFonts/RobotoDistanceField.uasset" 104
"../../../Engine/Content/EngineMaterials/DefaultTextMaterialOpaque.uasset" 105
"../../../Engine/Content/EngineMaterials/DefaultWhiteGrid.uasset" 106
"../../../Engine/Content/EngineMaterials/EditorBrushMaterial.uasset" 107
"../../../Engine/Content/EngineMaterials/Good64x64TilingNoiseHighFreq.uasset" 108
"../../../Engine/Content/EngineMaterials/MiniFont.uasset" 109
"../../../Engine/Content/EngineMaterials/InvalidLightmapSettings.uasset" 110
"../../../Engine/Content/EngineMaterials/M_InvalidLightmapSettings.uasset" 111
"../../../Engine/Content/Functions/Engine_MaterialFunctions02/WorldPositionOffset/CameraOffset.uasset" 112
"../../../Engine/Content/EngineMaterials/PhAT_JointLimitMaterial.uasset" 113
"../../../Engine/Content/EngineMaterials/PreintegratedSkinBRDF.uasset" 114
"../../../Engine/Content/EngineMaterials/RemoveSurfaceMaterial.uasset" 115
"../../../Engine/Content/EngineMaterials/WeightMapPlaceholderTexture.uasset" 116
"../../../Engine/Content/EngineResources/WhiteSquareTexture.uasset" 117
"../../../Engine/Content/EngineMaterials/Widget3DPassThrough.uasset" 118
"../../../Engine/Content/EngineMaterials/Widget3DPassThrough_Masked.uasset" 119
"../../../Engine/Content/EngineMaterials/Widget3DPassThrough_Opaque.uasset" 120
"../../../Engine/Content/EngineMaterials/Widget3DPassThrough_Masked_OneSided.uasset" 121
"../../../Engine/Content/EngineMaterials/Widget3DPassThrough_Opaque_OneSided.uasset" 122
"../../../Engine/Content/EngineMaterials/Widget3DPassThrough_Translucent.uasset" 123
"../../../Engine/Content/EngineMaterials/Widget3DPassThrough_Translucent_OneSided.uasset" 124
"../../../Engine/Content/EngineMeshes/Cylinder.uasset" 125
"../../../Engine/Content/EngineMeshes/Sphere.uasset" 126
"../../../Engine/Content/EngineResources/Black.uasset" 127
"../../../Engine/Content/EngineResources/DefaultTexture.uasset" 128
"../../../Engine/Content/EngineResources/DefaultTextureCube.uasset" 129
"../../../Engine/Content/EngineResources/DefaultVolumeTexture2D.uasset" 130
"../../../Engine/Content/EngineResources/DefaultVolumeTexture.uasset" 131
"../../../Engine/Content/EngineResources/GradientTexture0.uasset" 132
"../../../Engine/Content/EngineSounds/Master.uasset" 133
"../../../Engine/Content/Functions/Engine_MaterialFunctions01/Shading/ConvertFromDiffSpec.uasset" 134
"../../../Engine/Content/Functions/Engine_MaterialFunctions01/Shading/PowerToRoughness.uasset" 135
"../../../Engine/Content/Maps/Templates/Thumbnails/Default.uasset" 136
"../../../Engine/Content/Maps/Templates/Thumbnails/VR-Basic.uasset" 137
"../../../Engine/Content/MobileResources/T_MobileControls_texture.uasset" 138
"../../../Engine/Content/MobileResources/T_MobileMenu2.uasset" 139
"../../../Engine/Content/MobileResources/HUD/AnalogHat.uasset" 140
"../../../Engine/Content/MobileResources/HUD/VirtualJoystick_Background.uasset" 141
"../../../Engine/Content/MobileResources/HUD/VirtualJoystick_Thumb.uasset" 142
"../../../Engine/Content/MobileResources/HUD/DefaultVirtualJoysticks.uasset" 143
"../../../Engine/Content/MobileResources/HUD/LeftVirtualJoystickOnly.uasset" 144
"../../../Engine/Content/MobileResources/HUD/MobileHUDButton1_off.uasset" 145
"../../../Engine/Content/MobileResources/HUD/MobileHUDButton1_on.uasset" 146
"../../../Engine/Content/MobileResources/HUD/MobileHUDButton2_off.uasset" 147
"../../../Engine/Content/MobileResources/HUD/MobileHUDButton2_on.uasset" 148
"../../../Engine/Content/MobileResources/HUD/MobileHUDButton3.uasset" 149
"../../../Engine/Content/MobileResources/HUD/MobileHUDButtonFire.uasset" 150
"../../../Engine/Content/MobileResources/HUD/MobileHUDDirectionPad.uasset" 151
"../../../Engine/Content/MobileResources/HUD/MobileHUDDirectionPad2.uasset" 152
"../../../Engine/Content/MobileResources/HUD/MobileHUDDirectionPad3.uasset" 153
"../../../Engine/Content/MobileResources/HUD/MobileHUDDirectionStick.uasset" 154
"../../../Engine/Content/MobileResources/HUD/T_Castle_ThumbstickInner.uasset" 155
"../../../Engine/Content/MobileResources/HUD/T_Castle_ThumbstickOutter.uasset" 156
"../../../Engine/Content/Tutorial/ContentIntroCurve.uasset" 157
"../../../Engine/Content/Tutorial/Basics/LevelEditorAttract.uasset" 158
"../../../Engine/Content/Tutorial/BlueprintTutorials/TutorialAssets/Blueprint_64x.uasset" 159
"../../../Engine/Content/Tutorial/BlueprintTutorials/LevelBlueprintEditorOverview.uasset" 160
"../../../Engine/Content/VREditor/LaserPointer/VR_LaserPower_01.uasset" 161
"../../../Engine/Content/VREditor/TransformGizmo/TransformGizmoMaterial.uasset" 162
"../../../Engine/Content/VREditor/TransformGizmo/TranslucentTransformGizmoMaterial.uasset" 163
"../../../Engine/Content/VREditor/TransformGizmo/BoundingBoxCorner.uasset" 164
"../../../Engine/Content/VREditor/TransformGizmo/BoundingBoxEdge.uasset" 165
"../../../Engine/Content/VREditor/TransformGizmo/PlaneTranslationHandle.uasset" 166
"../../../Engine/Content/VREditor/TransformGizmo/Main.uasset" 167
"../../../Engine/Content/VREditor/TransformGizmo/Xray.uasset" 168
"../../../Engine/Content/VREditor/TransformGizmo/SM_Sequencer_Key.uasset" 169
"../../../Engine/Content/VREditor/TransformGizmo/SM_Sequencer_Node.uasset" 170
"../../Plugins/2D/Paper2D/Content/PlaceholderTextures/DummySpriteTexture.uasset" 171
"../../Plugins/2D/Paper2D/Content/DummySprite.uasset" 172
"../../Plugins/2D/Paper2D/Content/DefaultPaperTerrainMaterial.uasset" 173
"../../Plugins/2D/Paper2D/Content/DummySpriteTexture.uasset" 174
"../../Plugins/2D/Paper2D/Content/DefaultSpriteMaterial.uasset" 175
"../../Plugins/2D/Paper2D/Content/MaskedUnlitSpriteMaterial.uasset" 176
"../../Plugins/2D/Paper2D/Content/OpaqueUnlitSpriteMaterial.uasset" 177
"../../Plugins/Runtime/Oculus/OculusVR/Content/OculusMR_RenderTarget.uasset" 178
"../../../Engine/Content/Functions/Engine_MaterialFunctions02/Utility/BreakOutFloat4Components.uasset" 179
"../../../Engine/Content/Functions/Engine_MaterialFunctions02/Utility/MakeFloat2.uasset" 180
"../../../Engine/Content/Functions/Engine_MaterialFunctions02/Utility/MakeFloat3.uasset" 181
"../../Plugins/Runtime/Oculus/OculusVR/Content/Materials/OculusMR_ChromaKey.uasset" 182
"../../Plugins/Runtime/Oculus/OculusVR/Content/Materials/OculusMR_ChromaKey_Lit.uasset" 183
"../../Plugins/Runtime/Oculus/OculusVR/Content/Materials/OculusMR_OpaqueColoredMaterial.uasset" 184
"../../Plugins/Runtime/Oculus/OculusVR/Content/Materials/OculusMR_WhiteMaterial.uasset" 185
"../../Plugins/Runtime/Oculus/OculusVR/Content/Materials/PokeAHoleMaterial.uasset" 186
"../../Plugins/Runtime/Oculus/OculusVR/Content/Textures/GearVRController_AO.uasset" 187
"../../Plugins/Runtime/Oculus/OculusVR/Content/Textures/GearVRController_Color.uasset" 188
"../../Plugins/Runtime/Oculus/OculusVR/Content/Textures/GearVRController_Normal.uasset" 189
"../../Plugins/Runtime/Oculus/OculusVR/Content/Materials/GearVRControllerMaterial.uasset" 190
"../../Plugins/Runtime/Oculus/OculusVR/Content/Meshes/GearVrController.uasset" 191
"../../Plugins/Runtime/Oculus/OculusVR/Content/Textures/touchController_albedo.uasset" 192
"../../Plugins/Runtime/Oculus/OculusVR/Content/Textures/touchController_controlmap.uasset" 193
"../../Plugins/Runtime/Oculus/OculusVR/Content/Materials/touchController_mat.uasset" 194
"../../Plugins/Runtime/Oculus/OculusVR/Content/Meshes/LeftTouchController.uasset" 195
"../../Plugins/Runtime/Oculus/OculusVR/Content/Meshes/RiftHMD.uasset" 196
"../../Plugins/Runtime/Oculus/OculusVR/Content/Meshes/RightTouchController.uasset" 197
"../../../Engine/Content/EditorBlueprintResources/StandardMacros.uasset" 198
"D:/3D Objects/Unreal Projects/Section2_Project 4.22/Content/Asset/Material/t/BlkGld/BlkGld_Cab_C.uasset" 199
"D:/3D Objects/Unreal Projects/Section2_Project 4.22/Content/Asset/Material/t/BlkGld/BlkGld_Cab_N.uasset" 200
"D:/3D Objects/Unreal Projects/Section2_Project 4.22/Content/Asset/Material/t/BlkGld/BlkGld_Cab_RMA.uasset" 201
"D:/3D Objects/Unreal Projects/Section2_Project 4.22/Content/Asset/Material/BlkGld_Cab.uasset" 202
"D:/3D Objects/Unreal Projects/Section2_Project 4.22/Content/Asset/Fbx/AccentPlate.uasset" 203
"D:/3D Objects/Unreal Projects/Section2_Project 4.22/Content/Asset/Fbx/Cabinette.uasset" 204
"D:/3D Objects/Unreal Projects/Section2_Project 4.22/Content/Asset/Material/t/BlkGld/BlkGld_Foot_C.uasset" 205
"D:/3D Objects/Unreal Projects/Section2_Project 4.22/Content/Asset/Material/t/BlkGld/BlkGld_Foot_N.uasset" 206
"D:/3D Objects/Unreal Projects/Section2_Project 4.22/Content/Asset/Material/t/BlkGld/BlkGld_Foot_RMA.uasset" 207
"D:/3D Objects/Unreal Projects/Section2_Project 4.22/Content/Asset/Material/BlkGld_Ft.uasset" 208
"D:/3D Objects/Unreal Projects/Section2_Project 4.22/Content/Asset/Fbx/Foot_BL.uasset" 209
"D:/3D Objects/Unreal Projects/Section2_Project 4.22/Content/Asset/Fbx/Foot_BR.uasset" 210
"D:/3D Objects/Unreal Projects/Section2_Project 4.22/Content/Asset/Fbx/Foot_FL.uasset" 211
"D:/3D Objects/Unreal Projects/Section2_Project 4.22/Content/Asset/Fbx/Foot_FR.uasset" 212
"D:/3D Objects/Unreal Projects/Section2_Project 4.22/Content/Asset/Fbx/Frame.uasset" 213
"D:/3D Objects/Unreal Projects/Section2_Project 4.22/Content/Asset/Material/t/BlkGld/BlkGld_Twt_C.uasset" 214
"D:/3D Objects/Unreal Projects/Section2_Project 4.22/Content/Asset/Material/t/BlkGld/BlkGld_Twt_N.uasset" 215
"D:/3D Objects/Unreal Projects/Section2_Project 4.22/Content/Asset/Material/t/BlkGld/BlkGld_Twt_RMA.uasset" 216
"D:/3D Objects/Unreal Projects/Section2_Project 4.22/Content/Asset/Material/BlkGld_Twt.uasset" 217
"D:/3D Objects/Unreal Projects/Section2_Project 4.22/Content/Asset/Fbx/HornTweeter.uasset" 218
"D:/3D Objects/Unreal Projects/Section2_Project 4.22/Content/Asset/Material/t/CMN/Scrn_A.uasset" 219
"D:/3D Objects/Unreal Projects/Section2_Project 4.22/Content/Asset/Material/Comn_Scrn.uasset" 220
"D:/3D Objects/Unreal Projects/Section2_Project 4.22/Content/Asset/Fbx/Screen.uasset" 221
"D:/3D Objects/Unreal Projects/Section2_Project 4.22/Content/Asset/Material/Comn_Screw.uasset" 222
"D:/3D Objects/Unreal Projects/Section2_Project 4.22/Content/Asset/Fbx/Screws.uasset" 223
"D:/3D Objects/Unreal Projects/Section2_Project 4.22/Content/Asset/Material/t/TkBlk/TkBlk_Wof_C.uasset" 224
"D:/3D Objects/Unreal Projects/Section2_Project 4.22/Content/Asset/Material/t/TkBlk/TkBlk_Wof_N.uasset" 225
"D:/3D Objects/Unreal Projects/Section2_Project 4.22/Content/Asset/Material/t/TkBlk/TkBlk_Wof_RMA.uasset" 226
"D:/3D Objects/Unreal Projects/Section2_Project 4.22/Content/Asset/Material/TkBlk_Wof.uasset" 227
"D:/3D Objects/Unreal Projects/Section2_Project 4.22/Content/Asset/Fbx/Woofers.uasset" 228
"D:/3D Objects/Unreal Projects/Section2_Project 4.22/Content/Blueprint/Speaker_BP.uasset" 229
"D:/3D Objects/Unreal Projects/Section2_Project 4.22/Content/Datatable/SpeakerData_Structure.uasset" 230
"D:/3D Objects/Unreal Projects/Section2_Project 4.22/Content/Datatable/Accent_Data.uasset" 231
"D:/3D Objects/Unreal Projects/Section2_Project 4.22/Content/Datatable/Cabinette_Data.uasset" 232
"D:/3D Objects/Unreal Projects/Section2_Project 4.22/Content/Datatable/Screen_Data.uasset" 233
"D:/3D Objects/Unreal Projects/Section2_Project 4.22/Content/Datatable/Speaker_Data.uasset" 234
"D:/3D Objects/Unreal Projects/Section2_Project 4.22/Content/Asset/Material/t/BlkGld/BlkGld_Wof_C.uasset" 235
"D:/3D Objects/Unreal Projects/Section2_Project 4.22/Content/Asset/Material/t/BlkGld/BlkGld_Wof_N.uasset" 236
"D:/3D Objects/Unreal Projects/Section2_Project 4.22/Content/Asset/Material/t/BlkGld/BlkGld_Wof_RMA.uasset" 237
"D:/3D Objects/Unreal Projects/Section2_Project 4.22/Content/Asset/Material/BlkGld_Wof.uasset" 238
"D:/3D Objects/Unreal Projects/Section2_Project 4.22/Content/Asset/Material/t/EbStl/EbStl_Cab_C.uasset" 239
"D:/3D Objects/Unreal Projects/Section2_Project 4.22/Content/Asset/Material/t/EbStl/EbStl_Cab_N.uasset" 240
"D:/3D Objects/Unreal Projects/Section2_Project 4.22/Content/Asset/Material/t/EbStl/EbStl_Cab_RMA.uasset" 241
"D:/3D Objects/Unreal Projects/Section2_Project 4.22/Content/Asset/Material/EbStl_Cab.uasset" 242
"D:/3D Objects/Unreal Projects/Section2_Project 4.22/Content/Asset/Material/t/EbStl/EbStl_Ft_C.uasset" 243
"D:/3D Objects/Unreal Projects/Section2_Project 4.22/Content/Asset/Material/t/EbStl/EbStl_Ft_N.uasset" 244
"D:/3D Objects/Unreal Projects/Section2_Project 4.22/Content/Asset/Material/t/EbStl/EbStl_Ft_RMA.uasset" 245
"D:/3D Objects/Unreal Projects/Section2_Project 4.22/Content/Asset/Material/EbStl_Ft.uasset" 246
"D:/3D Objects/Unreal Projects/Section2_Project 4.22/Content/Asset/Material/t/TkBlk/TkBlk_Cab_C.uasset" 247
"D:/3D Objects/Unreal Projects/Section2_Project 4.22/Content/Asset/Material/t/TkBlk/TkBlk_Cab_N.uasset" 248
"D:/3D Objects/Unreal Projects/Section2_Project 4.22/Content/Asset/Material/t/TkBlk/TkBlk_Cab_RMA.uasset" 249
"D:/3D Objects/Unreal Projects/Section2_Project 4.22/Content/Asset/Material/TkBlk_Cab.uasset" 250
"D:/3D Objects/Unreal Projects/Section2_Project 4.22/Content/Asset/Material/t/TkBlk/TkBlk_Ft_C.uasset" 251
"D:/3D Objects/Unreal Projects/Section2_Project 4.22/Content/Asset/Material/t/TkBlk/TkBlk_Ft_N.uasset" 252
"D:/3D Objects/Unreal Projects/Section2_Project 4.22/Content/Asset/Material/t/TkBlk/TkBlk_Ft_RMA.uasset" 253
"D:/3D Objects/Unreal Projects/Section2_Project 4.22/Content/Asset/Material/TkBlk_Ft.uasset" 254
"D:/3D Objects/Unreal Projects/Section2_Project 4.22/Content/Asset/Material/t/TkBlk/TkBlk_Twt_C.uasset" 255
"D:/3D Objects/Unreal Projects/Section2_Project 4.22/Content/Asset/Material/t/TkBlk/TkBlk_Twt_N.uasset" 256
"D:/3D Objects/Unreal Projects/Section2_Project 4.22/Content/Asset/Material/t/TkBlk/TkBlk_Twt_RMA.uasset" 257
"D:/3D Objects/Unreal Projects/Section2_Project 4.22/Content/Asset/Material/TkBlk_Twt.uasset" 258
"D:/3D Objects/Unreal Projects/Section2_Project 4.22/Content/Asset/Material/t/WalSlv/WalSlv_Cab_C.uasset" 259
"D:/3D Objects/Unreal Projects/Section2_Project 4.22/Content/Asset/Material/t/WalSlv/WalSlv_Cab_N.uasset" 260
"D:/3D Objects/Unreal Projects/Section2_Project 4.22/Content/Asset/Material/t/WalSlv/WalSlv_Cab_RMA.uasset" 261
"D:/3D Objects/Unreal Projects/Section2_Project 4.22/Content/Asset/Material/WalSlv_Cab.uasset" 262
"D:/3D Objects/Unreal Projects/Section2_Project 4.22/Content/Asset/Material/t/WalSlv/WalSlv_Ft_C.uasset" 263
"D:/3D Objects/Unreal Projects/Section2_Project 4.22/Content/Asset/Material/t/WalSlv/WalSlv_Ft_N.uasset" 264
"D:/3D Objects/Unreal Projects/Section2_Project 4.22/Content/Asset/Material/t/WalSlv/WalSlv_Ft_RMA.uasset" 265
"D:/3D Objects/Unreal Projects/Section2_Project 4.22/Content/Asset/Material/WalSlv_Ft.uasset" 266
"D:/3D Objects/Unreal Projects/Section2_Project 4.22/Content/Asset/Material/t/WalSlv/WalSlv_Twt_C.uasset" 267
"D:/3D Objects/Unreal Projects/Section2_Project 4.22/Content/Asset/Material/t/WalSlv/WalSlv_Twt_N.uasset" 268
"D:/3D Objects/Unreal Projects/Section2_Project 4.22/Content/Asset/Material/t/WalSlv/WalSlv_Twt_RMA.uasset" 269
"D:/3D Objects/Unreal Projects/Section2_Project 4.22/Content/Asset/Material/WalSlv_Twt.uasset" 270
"D:/3D Objects/Unreal Projects/Section2_Project 4.22/Content/Asset/Material/t/WalSlv/WalSlv_Wof_C.uasset" 271
"D:/3D Objects/Unreal Projects/Section2_Project 4.22/Content/Asset/Material/t/WalSlv/WalSlv_Wof_N.uasset" 272
"D:/3D Objects/Unreal Projects/Section2_Project 4.22/Content/Asset/Material/t/WalSlv/WalSlv_Wof_RMA.uasset" 273
"D:/3D Objects/Unreal Projects/Section2_Project 4.22/Content/Asset/Material/WalSlv_Wof.uasset" 274
"D:/3D Objects/Unreal Projects/Section2_Project 4.22/Content/Asset/Material/t/WhtCp/WhtCp_Cab_C.uasset" 275
"D:/3D Objects/Unreal Projects/Section2_Project 4.22/Content/Asset/Material/t/WhtCp/WhtCp_Cab_N.uasset" 276
"D:/3D Objects/Unreal Projects/Section2_Project 4.22/Content/Asset/Material/t/WhtCp/WhtCp_Cab_RMA.uasset" 277
"D:/3D Objects/Unreal Projects/Section2_Project 4.22/Content/Asset/Material/WhtCp_Cab.uasset" 278
"D:/3D Objects/Unreal Projects/Section2_Project 4.22/Content/Asset/Material/t/WhtCp/WhtCp_Ft_C.uasset" 279
"D:/3D Objects/Unreal Projects/Section2_Project 4.22/Content/Asset/Material/t/WhtCp/WhtCp_Ft_N.uasset" 280
"D:/3D Objects/Unreal Projects/Section2_Project 4.22/Content/Asset/Material/t/WhtCp/WhtCp_Ft_RMA.uasset" 281
"D:/3D Objects/Unreal Projects/Section2_Project 4.22/Content/Asset/Material/WhtCp_Ft.uasset" 282
"D:/3D Objects/Unreal Projects/Section2_Project 4.22/Content/Asset/Material/t/WhtCp/WhtCp_Twt_C.uasset" 283
"D:/3D Objects/Unreal Projects/Section2_Project 4.22/Content/Asset/Material/t/WhtCp/WhtCp_Twt_N.uasset" 284
"D:/3D Objects/Unreal Projects/Section2_Project 4.22/Content/Asset/Material/t/WhtCp/WhtCp_Twt_RMA.uasset" 285
"D:/3D Objects/Unreal Projects/Section2_Project 4.22/Content/Asset/Material/WhtCp_Twt.uasset" 286
"D:/3D Objects/Unreal Projects/Section2_Project 4.22/Content/Asset/Material/t/WhtCp/WhtCp_Wof_C.uasset" 287
"D:/3D Objects/Unreal Projects/Section2_Project 4.22/Content/Asset/Material/t/WhtCp/WhtCp_Wof_N.uasset" 288
"D:/3D Objects/Unreal Projects/Section2_Project 4.22/Content/Asset/Material/t/WhtCp/WhtCp_Wof_RMA.uasset" 289
"D:/3D Objects/Unreal Projects/Section2_Project 4.22/Content/Asset/Material/WhtCp_Wof.uasset" 290
"D:/3D Objects/Unreal Projects/Section2_Project 4.22/Content/Asset/Audio/After_You_ve_Gone_-_U_S__Coast_Guard_Band_ogg.uasset" 291
"D:/3D Objects/Unreal Projects/Section2_Project 4.22/Content/Asset/Audio/At_the_Jazz_Band_Ball_-_U_S__Coast_Guard_Band_ogg.uasset" 292
"D:/3D Objects/Unreal Projects/Section2_Project 4.22/Content/Asset/Audio/You_re_a_Grand_Old_Flag___performed_by_the_United_States_Coast_Guard_Band_of_New_London__Connecticut.uasset" 293
"D:/3D Objects/Unreal Projects/Section2_Project 4.22/Content/Asset/Audio/click.uasset" 294
"D:/3D Objects/Unreal Projects/Section2_Project 4.22/Content/Asset/Audio/click_fail.uasset" 295
"D:/3D Objects/Unreal Projects/Section2_Project 4.22/Content/Asset/Image/exit_bg_off.uasset" 296
"D:/3D Objects/Unreal Projects/Section2_Project 4.22/Content/Asset/Image/exit_bg_on.uasset" 297
"D:/3D Objects/Unreal Projects/Section2_Project 4.22/Content/Asset/Image/next_off.uasset" 298
"D:/3D Objects/Unreal Projects/Section2_Project 4.22/Content/Asset/Image/next_on.uasset" 299
"D:/3D Objects/Unreal Projects/Section2_Project 4.22/Content/Asset/Image/prev_off.uasset" 300
"D:/3D Objects/Unreal Projects/Section2_Project 4.22/Content/Asset/Image/prev_on.uasset" 301
"D:/3D Objects/Unreal Projects/Section2_Project 4.22/Content/HUD/HUD_UI.uasset" 302
"D:/3D Objects/Unreal Projects/Section2_Project 4.22/Content/Blueprint/Speaker_Logic.uasset" 303
"../../../Engine/Content/EngineSky/C_Sky_Cloud_Color.uasset" 304
"../../../Engine/Content/EngineSky/C_Sky_Horizon_Color.uasset" 305
"../../../Engine/Content/EngineSky/C_Sky_Zenith_Color.uasset" 306
"../../../Engine/Content/EngineSky/T_Sky_Blue.uasset" 307
"../../../Engine/Content/EngineSky/T_Sky_Clouds_M.uasset" 308
"../../../Engine/Content/EngineSky/T_Sky_Stars.uasset" 309
"../../../Engine/Content/EngineSky/M_Sky_Panning_Clouds2.uasset" 310
"../../../Engine/Content/EngineSky/SM_SkySphere.uasset" 311
"../../../Engine/Content/EngineSky/BP_Sky_Sphere.uasset" 312
"D:/3D Objects/Unreal Projects/Section2_Project 4.22/Content/Game/PC_Configurator.uasset" 313
"D:/3D Objects/Unreal Projects/Section2_Project 4.22/Content/Game/GM_Configurator.uasset" 314
"D:/3D Objects/Unreal Projects/Section2_Project 4.22/Content/Datatable/CameraName_Struct.uasset" 315
"D:/3D Objects/Unreal Projects/Section2_Project 4.22/Content/Datatable/CameraName_Data.uasset" 316
"D:/3D Objects/Unreal Projects/Section2_Project 4.22/Content/Levels/Section2_BuiltData.uasset" 317
"D:/3D Objects/Unreal Projects/Section2_Project 4.22/Content/Asset/Material/Woofer_Material.uasset" 318
"../../../Engine/Content/MapTemplates/SM_Template_Map_Floor.uasset" 319
"D:/3D Objects/Unreal Projects/Section2_Project 4.22/Content/Levels/Section2.umap" 320
"../../../Engine/Content/Maps/Entry_BuiltData.uasset" 321
"../../../Engine/Content/Maps/Entry.umap" 322
